Determining if the pthread_create exist failed with the following output:
Change Dir: /home/baihong/baihong_ws/src/F1_10_car/baihong_zeng_safety/cmake-build-debug/CMakeFiles/CMakeTmp

Run Build Command(s):/usr/bin/make cmTC_b9821/fast 
/usr/bin/make -f CMakeFiles/cmTC_b9821.dir/build.make CMakeFiles/cmTC_b9821.dir/build
make[1]: Entering directory '/home/baihong/baihong_ws/src/F1_10_car/baihong_zeng_safety/cmake-build-debug/CMakeFiles/CMakeTmp'
Building C object CMakeFiles/cmTC_b9821.dir/CheckSymbolExists.c.o
/usr/bin/cc    -o CMakeFiles/cmTC_b9821.dir/CheckSymbolExists.c.o   -c /home/baihong/baihong_ws/src/F1_10_car/baihong_zeng_safety/cmake-build-debug/CMakeFiles/CMakeTmp/CheckSymbolExists.c
Linking C executable cmTC_b9821
/home/baihong/Documents/clion-2019.2.1/bin/cmake/linux/bin/cmake -E cmake_link_script CMakeFiles/cmTC_b9821.dir/link.txt --verbose=1
/usr/bin/cc      -rdynamic CMakeFiles/cmTC_b9821.dir/CheckSymbolExists.c.o  -o cmTC_b9821 
CMakeFiles/cmTC_b9821.dir/CheckSymbolExists.c.o: In function `main':
CheckSymbolExists.c:(.text+0x16): undefined reference to `pthread_create'
collect2: error: ld returned 1 exit status
CMakeFiles/cmTC_b9821.dir/build.make:86: recipe for target 'cmTC_b9821' failed
make[1]: *** [cmTC_b9821] Error 1
make[1]: Leaving directory '/home/baihong/baihong_ws/src/F1_10_car/baihong_zeng_safety/cmake-build-debug/CMakeFiles/CMakeTmp'
Makefile:121: recipe for target 'cmTC_b9821/fast' failed
make: *** [cmTC_b9821/fast] Error 2

File /home/baihong/baihong_ws/src/F1_10_car/baihong_zeng_safety/cmake-build-debug/CMakeFiles/CMakeTmp/CheckSymbolExists.c:
/* */
#include <pthread.h>

int main(int argc, char** argv)
{
  (void)argv;
#ifndef pthread_create
  return ((int*)(&pthread_create))[argc];
#else
  (void)argc;
  return 0;
#endif
}

Determining if the function pthread_create exists in the pthreads failed with the following output:
Change Dir: /home/baihong/baihong_ws/src/F1_10_car/baihong_zeng_safety/cmake-build-debug/CMakeFiles/CMakeTmp

Run Build Command(s):/usr/bin/make cmTC_54501/fast 
/usr/bin/make -f CMakeFiles/cmTC_54501.dir/build.make CMakeFiles/cmTC_54501.dir/build
make[1]: Entering directory '/home/baihong/baihong_ws/src/F1_10_car/baihong_zeng_safety/cmake-build-debug/CMakeFiles/CMakeTmp'
Building C object CMakeFiles/cmTC_54501.dir/CheckFunctionExists.c.o
/usr/bin/cc   -DCHECK_FUNCTION_EXISTS=pthread_create   -o CMakeFiles/cmTC_54501.dir/CheckFunctionExists.c.o   -c /home/baihong/Documents/clion-2019.2.1/bin/cmake/linux/share/cmake-3.14/Modules/CheckFunctionExists.c
Linking C executable cmTC_54501
/home/baihong/Documents/clion-2019.2.1/bin/cmake/linux/bin/cmake -E cmake_link_script CMakeFiles/cmTC_54501.dir/link.txt --verbose=1
/usr/bin/cc  -DCHECK_FUNCTION_EXISTS=pthread_create    -rdynamic CMakeFiles/cmTC_54501.dir/CheckFunctionExists.c.o  -o cmTC_54501 -lpthreads 
/usr/bin/ld: cannot find -lpthreads
collect2: error: ld returned 1 exit status
CMakeFiles/cmTC_54501.dir/build.make:86: recipe for target 'cmTC_54501' failed
make[1]: *** [cmTC_54501] Error 1
make[1]: Leaving directory '/home/baihong/baihong_ws/src/F1_10_car/baihong_zeng_safety/cmake-build-debug/CMakeFiles/CMakeTmp'
Makefile:121: recipe for target 'cmTC_54501/fast' failed
make: *** [cmTC_54501/fast] Error 2


