Determining if the pthread_create exist failed with the following output:
Change Dir: /home/baihong/baihong_ws/src/baihong_zeng_roslab/cmake-build-debug/CMakeFiles/CMakeTmp

Run Build Command(s):/usr/bin/make cmTC_c9b7f/fast 
/usr/bin/make -f CMakeFiles/cmTC_c9b7f.dir/build.make CMakeFiles/cmTC_c9b7f.dir/build
make[1]: Entering directory '/home/baihong/baihong_ws/src/baihong_zeng_roslab/cmake-build-debug/CMakeFiles/CMakeTmp'
Building C object CMakeFiles/cmTC_c9b7f.dir/CheckSymbolExists.c.o
/usr/bin/cc    -o CMakeFiles/cmTC_c9b7f.dir/CheckSymbolExists.c.o   -c /home/baihong/baihong_ws/src/baihong_zeng_roslab/cmake-build-debug/CMakeFiles/CMakeTmp/CheckSymbolExists.c
Linking C executable cmTC_c9b7f
/home/baihong/Documents/clion-2019.2.1/bin/cmake/linux/bin/cmake -E cmake_link_script CMakeFiles/cmTC_c9b7f.dir/link.txt --verbose=1
/usr/bin/cc      -rdynamic CMakeFiles/cmTC_c9b7f.dir/CheckSymbolExists.c.o  -o cmTC_c9b7f 
CMakeFiles/cmTC_c9b7f.dir/CheckSymbolExists.c.o: In function `main':
CheckSymbolExists.c:(.text+0x16): undefined reference to `pthread_create'
collect2: error: ld returned 1 exit status
CMakeFiles/cmTC_c9b7f.dir/build.make:86: recipe for target 'cmTC_c9b7f' failed
make[1]: *** [cmTC_c9b7f] Error 1
make[1]: Leaving directory '/home/baihong/baihong_ws/src/baihong_zeng_roslab/cmake-build-debug/CMakeFiles/CMakeTmp'
Makefile:121: recipe for target 'cmTC_c9b7f/fast' failed
make: *** [cmTC_c9b7f/fast] Error 2

File /home/baihong/baihong_ws/src/baihong_zeng_roslab/cmake-build-debug/CMakeFiles/CMakeTmp/CheckSymbolExists.c:
/* */
#include <pthread.h>

int main(int argc, char** argv)
{
  (void)argv;
#ifndef pthread_create
  return ((int*)(&pthread_create))[argc];
#else
  (void)argc;
  return 0;
#endif
}

Determining if the function pthread_create exists in the pthreads failed with the following output:
Change Dir: /home/baihong/baihong_ws/src/baihong_zeng_roslab/cmake-build-debug/CMakeFiles/CMakeTmp

Run Build Command(s):/usr/bin/make cmTC_13779/fast 
/usr/bin/make -f CMakeFiles/cmTC_13779.dir/build.make CMakeFiles/cmTC_13779.dir/build
make[1]: Entering directory '/home/baihong/baihong_ws/src/baihong_zeng_roslab/cmake-build-debug/CMakeFiles/CMakeTmp'
Building C object CMakeFiles/cmTC_13779.dir/CheckFunctionExists.c.o
/usr/bin/cc   -DCHECK_FUNCTION_EXISTS=pthread_create   -o CMakeFiles/cmTC_13779.dir/CheckFunctionExists.c.o   -c /home/baihong/Documents/clion-2019.2.1/bin/cmake/linux/share/cmake-3.14/Modules/CheckFunctionExists.c
Linking C executable cmTC_13779
/home/baihong/Documents/clion-2019.2.1/bin/cmake/linux/bin/cmake -E cmake_link_script CMakeFiles/cmTC_13779.dir/link.txt --verbose=1
/usr/bin/cc  -DCHECK_FUNCTION_EXISTS=pthread_create    -rdynamic CMakeFiles/cmTC_13779.dir/CheckFunctionExists.c.o  -o cmTC_13779 -lpthreads 
/usr/bin/ld: cannot find -lpthreads
collect2: error: ld returned 1 exit status
CMakeFiles/cmTC_13779.dir/build.make:86: recipe for target 'cmTC_13779' failed
make[1]: *** [cmTC_13779] Error 1
make[1]: Leaving directory '/home/baihong/baihong_ws/src/baihong_zeng_roslab/cmake-build-debug/CMakeFiles/CMakeTmp'
Makefile:121: recipe for target 'cmTC_13779/fast' failed
make: *** [cmTC_13779/fast] Error 2


