Determining if the pthread_create exist failed with the following output:
Change Dir: /home/baihong/baihong_ws/src/baihong_zeng_wallfollow/cmake-build-debug/CMakeFiles/CMakeTmp

Run Build Command(s):/usr/bin/make cmTC_34202/fast 
/usr/bin/make -f CMakeFiles/cmTC_34202.dir/build.make CMakeFiles/cmTC_34202.dir/build
make[1]: Entering directory '/home/baihong/baihong_ws/src/baihong_zeng_wallfollow/cmake-build-debug/CMakeFiles/CMakeTmp'
Building C object CMakeFiles/cmTC_34202.dir/CheckSymbolExists.c.o
/usr/bin/cc    -o CMakeFiles/cmTC_34202.dir/CheckSymbolExists.c.o   -c /home/baihong/baihong_ws/src/baihong_zeng_wallfollow/cmake-build-debug/CMakeFiles/CMakeTmp/CheckSymbolExists.c
Linking C executable cmTC_34202
/home/baihong/Documents/clion-2019.2.1/bin/cmake/linux/bin/cmake -E cmake_link_script CMakeFiles/cmTC_34202.dir/link.txt --verbose=1
/usr/bin/cc      -rdynamic CMakeFiles/cmTC_34202.dir/CheckSymbolExists.c.o  -o cmTC_34202 
CMakeFiles/cmTC_34202.dir/CheckSymbolExists.c.o: In function `main':
CheckSymbolExists.c:(.text+0x16): undefined reference to `pthread_create'
collect2: error: ld returned 1 exit status
CMakeFiles/cmTC_34202.dir/build.make:86: recipe for target 'cmTC_34202' failed
make[1]: *** [cmTC_34202] Error 1
make[1]: Leaving directory '/home/baihong/baihong_ws/src/baihong_zeng_wallfollow/cmake-build-debug/CMakeFiles/CMakeTmp'
Makefile:121: recipe for target 'cmTC_34202/fast' failed
make: *** [cmTC_34202/fast] Error 2

File /home/baihong/baihong_ws/src/baihong_zeng_wallfollow/cmake-build-debug/CMakeFiles/CMakeTmp/CheckSymbolExists.c:
/* */
#include <pthread.h>

int main(int argc, char** argv)
{
  (void)argv;
#ifndef pthread_create
  return ((int*)(&pthread_create))[argc];
#else
  (void)argc;
  return 0;
#endif
}

Determining if the function pthread_create exists in the pthreads failed with the following output:
Change Dir: /home/baihong/baihong_ws/src/baihong_zeng_wallfollow/cmake-build-debug/CMakeFiles/CMakeTmp

Run Build Command(s):/usr/bin/make cmTC_77d3e/fast 
/usr/bin/make -f CMakeFiles/cmTC_77d3e.dir/build.make CMakeFiles/cmTC_77d3e.dir/build
make[1]: Entering directory '/home/baihong/baihong_ws/src/baihong_zeng_wallfollow/cmake-build-debug/CMakeFiles/CMakeTmp'
Building C object CMakeFiles/cmTC_77d3e.dir/CheckFunctionExists.c.o
/usr/bin/cc   -DCHECK_FUNCTION_EXISTS=pthread_create   -o CMakeFiles/cmTC_77d3e.dir/CheckFunctionExists.c.o   -c /home/baihong/Documents/clion-2019.2.1/bin/cmake/linux/share/cmake-3.14/Modules/CheckFunctionExists.c
Linking C executable cmTC_77d3e
/home/baihong/Documents/clion-2019.2.1/bin/cmake/linux/bin/cmake -E cmake_link_script CMakeFiles/cmTC_77d3e.dir/link.txt --verbose=1
/usr/bin/cc  -DCHECK_FUNCTION_EXISTS=pthread_create    -rdynamic CMakeFiles/cmTC_77d3e.dir/CheckFunctionExists.c.o  -o cmTC_77d3e -lpthreads 
/usr/bin/ld: cannot find -lpthreads
collect2: error: ld returned 1 exit status
CMakeFiles/cmTC_77d3e.dir/build.make:86: recipe for target 'cmTC_77d3e' failed
make[1]: *** [cmTC_77d3e] Error 1
make[1]: Leaving directory '/home/baihong/baihong_ws/src/baihong_zeng_wallfollow/cmake-build-debug/CMakeFiles/CMakeTmp'
Makefile:121: recipe for target 'cmTC_77d3e/fast' failed
make: *** [cmTC_77d3e/fast] Error 2


